\BOOKMARK [0][-]{chapter.1}{\376\377\0001\000\040\000D\000a\000t\000a\000\040\000S\000t\000r\000u\000c\000t\000u\000r\000e\000\040\000I\000n\000d\000e\000x}{}% 1
\BOOKMARK [1][-]{section.1.1}{\376\377\0001\000.\0001\000\040\000D\000a\000t\000a\000\040\000S\000t\000r\000u\000c\000t\000u\000r\000e\000s}{chapter.1}% 2
\BOOKMARK [0][-]{chapter.2}{\376\377\0002\000\040\000F\000i\000l\000e\000\040\000I\000n\000d\000e\000x}{}% 3
\BOOKMARK [1][-]{section.2.1}{\376\377\0002\000.\0001\000\040\000F\000i\000l\000e\000\040\000L\000i\000s\000t}{chapter.2}% 4
\BOOKMARK [0][-]{chapter.3}{\376\377\0003\000\040\000D\000a\000t\000a\000\040\000S\000t\000r\000u\000c\000t\000u\000r\000e\000\040\000D\000o\000c\000u\000m\000e\000n\000t\000a\000t\000i\000o\000n}{}% 5
\BOOKMARK [1][-]{section.3.1}{\376\377\0003\000.\0001\000\040\000d\000a\000t\000a\000\040\000S\000t\000r\000u\000c\000t\000\040\000R\000e\000f\000e\000r\000e\000n\000c\000e}{chapter.3}% 6
\BOOKMARK [2][-]{subsection.3.1.1}{\376\377\0003\000.\0001\000.\0001\000\040\000D\000e\000t\000a\000i\000l\000e\000d\000\040\000D\000e\000s\000c\000r\000i\000p\000t\000i\000o\000n}{section.3.1}% 7
\BOOKMARK [2][-]{subsection.3.1.2}{\376\377\0003\000.\0001\000.\0002\000\040\000F\000i\000e\000l\000d\000\040\000D\000o\000c\000u\000m\000e\000n\000t\000a\000t\000i\000o\000n}{section.3.1}% 8
\BOOKMARK [3][-]{subsubsection.3.1.2.1}{\376\377\0003\000.\0001\000.\0002\000.\0001\000\040\000k\000e\000y}{subsection.3.1.2}% 9
\BOOKMARK [3][-]{subsubsection.3.1.2.2}{\376\377\0003\000.\0001\000.\0002\000.\0002\000\040\000m\000o\000d\000e}{subsection.3.1.2}% 10
\BOOKMARK [3][-]{subsubsection.3.1.2.3}{\376\377\0003\000.\0001\000.\0002\000.\0003\000\040\000t\000e\000m\000p\000o}{subsection.3.1.2}% 11
\BOOKMARK [1][-]{section.3.2}{\376\377\0003\000.\0002\000\040\000e\000v\000e\000n\000t\000P\000l\000a\000c\000e\000m\000e\000n\000t\000\040\000S\000t\000r\000u\000c\000t\000\040\000R\000e\000f\000e\000r\000e\000n\000c\000e}{chapter.3}% 12
\BOOKMARK [2][-]{subsection.3.2.1}{\376\377\0003\000.\0002\000.\0001\000\040\000D\000e\000t\000a\000i\000l\000e\000d\000\040\000D\000e\000s\000c\000r\000i\000p\000t\000i\000o\000n}{section.3.2}% 13
\BOOKMARK [2][-]{subsection.3.2.2}{\376\377\0003\000.\0002\000.\0002\000\040\000F\000i\000e\000l\000d\000\040\000D\000o\000c\000u\000m\000e\000n\000t\000a\000t\000i\000o\000n}{section.3.2}% 14
\BOOKMARK [3][-]{subsubsection.3.2.2.1}{\376\377\0003\000.\0002\000.\0002\000.\0001\000\040\000a\000f\000t\000e\000r\000T\000o\000u\000c\000h}{subsection.3.2.2}% 15
\BOOKMARK [3][-]{subsubsection.3.2.2.2}{\376\377\0003\000.\0002\000.\0002\000.\0002\000\040\000c\000h\000a\000n\000n\000e\000l\000P\000r\000e\000s\000s\000u\000r\000e}{subsection.3.2.2}% 16
\BOOKMARK [3][-]{subsubsection.3.2.2.3}{\376\377\0003\000.\0002\000.\0002\000.\0003\000\040\000c\000o\000n\000t\000r\000o\000l\000C\000h\000a\000n\000g\000e}{subsection.3.2.2}% 17
\BOOKMARK [3][-]{subsubsection.3.2.2.4}{\376\377\0003\000.\0002\000.\0002\000.\0004\000\040\000n\000o\000t\000e\000O\000f\000f}{subsection.3.2.2}% 18
\BOOKMARK [3][-]{subsubsection.3.2.2.5}{\376\377\0003\000.\0002\000.\0002\000.\0005\000\040\000n\000o\000t\000e\000O\000n}{subsection.3.2.2}% 19
\BOOKMARK [3][-]{subsubsection.3.2.2.6}{\376\377\0003\000.\0002\000.\0002\000.\0006\000\040\000p\000i\000t\000c\000h\000W\000h\000e\000e\000l}{subsection.3.2.2}% 20
\BOOKMARK [3][-]{subsubsection.3.2.2.7}{\376\377\0003\000.\0002\000.\0002\000.\0007\000\040\000p\000r\000o\000g\000r\000a\000m\000C\000h\000a\000n\000g\000e}{subsection.3.2.2}% 21
\BOOKMARK [1][-]{section.3.3}{\376\377\0003\000.\0003\000\040\000m\000o\000o\000d\000W\000e\000i\000g\000h\000t\000i\000n\000g\000\040\000S\000t\000r\000u\000c\000t\000\040\000R\000e\000f\000e\000r\000e\000n\000c\000e}{chapter.3}% 22
\BOOKMARK [2][-]{subsection.3.3.1}{\376\377\0003\000.\0003\000.\0001\000\040\000D\000e\000t\000a\000i\000l\000e\000d\000\040\000D\000e\000s\000c\000r\000i\000p\000t\000i\000o\000n}{section.3.3}% 23
\BOOKMARK [2][-]{subsection.3.3.2}{\376\377\0003\000.\0003\000.\0002\000\040\000F\000i\000e\000l\000d\000\040\000D\000o\000c\000u\000m\000e\000n\000t\000a\000t\000i\000o\000n}{section.3.3}% 24
\BOOKMARK [3][-]{subsubsection.3.3.2.1}{\376\377\0003\000.\0003\000.\0002\000.\0001\000\040\000m\000o\000d\000e}{subsection.3.3.2}% 25
\BOOKMARK [3][-]{subsubsection.3.3.2.2}{\376\377\0003\000.\0003\000.\0002\000.\0002\000\040\000n\000a\000m\000e}{subsection.3.3.2}% 26
\BOOKMARK [3][-]{subsubsection.3.3.2.3}{\376\377\0003\000.\0003\000.\0002\000.\0003\000\040\000p\000i\000t\000c\000h}{subsection.3.3.2}% 27
\BOOKMARK [3][-]{subsubsection.3.3.2.4}{\376\377\0003\000.\0003\000.\0002\000.\0004\000\040\000t\000e\000m\000p\000o}{subsection.3.3.2}% 28
\BOOKMARK [3][-]{subsubsection.3.3.2.5}{\376\377\0003\000.\0003\000.\0002\000.\0005\000\040\000t\000o\000n\000e\000L\000e\000n\000g\000t\000h}{subsection.3.3.2}% 29
\BOOKMARK [1][-]{section.3.4}{\376\377\0003\000.\0004\000\040\000n\000o\000t\000e\000\040\000S\000t\000r\000u\000c\000t\000\040\000R\000e\000f\000e\000r\000e\000n\000c\000e}{chapter.3}% 30
\BOOKMARK [2][-]{subsection.3.4.1}{\376\377\0003\000.\0004\000.\0001\000\040\000D\000e\000t\000a\000i\000l\000e\000d\000\040\000D\000e\000s\000c\000r\000i\000p\000t\000i\000o\000n}{section.3.4}% 31
\BOOKMARK [2][-]{subsection.3.4.2}{\376\377\0003\000.\0004\000.\0002\000\040\000F\000i\000e\000l\000d\000\040\000D\000o\000c\000u\000m\000e\000n\000t\000a\000t\000i\000o\000n}{section.3.4}% 32
\BOOKMARK [3][-]{subsubsection.3.4.2.1}{\376\377\0003\000.\0004\000.\0002\000.\0001\000\040\000a\000v\000e\000r\000a\000g\000e}{subsection.3.4.2}% 33
\BOOKMARK [3][-]{subsubsection.3.4.2.2}{\376\377\0003\000.\0004\000.\0002\000.\0002\000\040\000l\000e\000n\000g\000t\000h}{subsection.3.4.2}% 34
\BOOKMARK [3][-]{subsubsection.3.4.2.3}{\376\377\0003\000.\0004\000.\0002\000.\0003\000\040\000o\000c\000t\000a\000v\000e}{subsection.3.4.2}% 35
\BOOKMARK [3][-]{subsubsection.3.4.2.4}{\376\377\0003\000.\0004\000.\0002\000.\0004\000\040\000t\000o\000n\000e}{subsection.3.4.2}% 36
\BOOKMARK [1][-]{section.3.5}{\376\377\0003\000.\0005\000\040\000p\000o\000i\000n\000t\000s\000\040\000S\000t\000r\000u\000c\000t\000\040\000R\000e\000f\000e\000r\000e\000n\000c\000e}{chapter.3}% 37
\BOOKMARK [2][-]{subsection.3.5.1}{\376\377\0003\000.\0005\000.\0001\000\040\000D\000e\000t\000a\000i\000l\000e\000d\000\040\000D\000e\000s\000c\000r\000i\000p\000t\000i\000o\000n}{section.3.5}% 38
\BOOKMARK [2][-]{subsection.3.5.2}{\376\377\0003\000.\0005\000.\0002\000\040\000F\000i\000e\000l\000d\000\040\000D\000o\000c\000u\000m\000e\000n\000t\000a\000t\000i\000o\000n}{section.3.5}% 39
\BOOKMARK [3][-]{subsubsection.3.5.2.1}{\376\377\0003\000.\0005\000.\0002\000.\0001\000\040\000p\000a\000r\000a\000m\000e\000t\000e\000r}{subsection.3.5.2}% 40
\BOOKMARK [3][-]{subsubsection.3.5.2.2}{\376\377\0003\000.\0005\000.\0002\000.\0002\000\040\000p\000o\000i\000n\000t}{subsection.3.5.2}% 41
\BOOKMARK [0][-]{chapter.4}{\376\377\0004\000\040\000F\000i\000l\000e\000\040\000D\000o\000c\000u\000m\000e\000n\000t\000a\000t\000i\000o\000n}{}% 42
\BOOKMARK [1][-]{section.4.1}{\376\377\0004\000.\0001\000\040\000f\000i\000n\000d\000E\000v\000e\000n\000t\000s\000.\000c\000\040\000F\000i\000l\000e\000\040\000R\000e\000f\000e\000r\000e\000n\000c\000e}{chapter.4}% 43
\BOOKMARK [2][-]{subsection.4.1.1}{\376\377\0004\000.\0001\000.\0001\000\040\000F\000u\000n\000c\000t\000i\000o\000n\000\040\000D\000o\000c\000u\000m\000e\000n\000t\000a\000t\000i\000o\000n}{section.4.1}% 44
\BOOKMARK [3][-]{subsubsection.4.1.1.1}{\376\377\0004\000.\0001\000.\0001\000.\0001\000\040\000c\000h\000e\000c\000k\000N\000e\000x\000t\000E\000v\000e\000n\000t}{subsection.4.1.1}% 45
\BOOKMARK [3][-]{subsubsection.4.1.1.2}{\376\377\0004\000.\0001\000.\0001\000.\0002\000\040\000c\000o\000u\000n\000t\000T\000i\000c\000k\000s\0001}{subsection.4.1.1}% 46
\BOOKMARK [3][-]{subsubsection.4.1.1.3}{\376\377\0004\000.\0001\000.\0001\000.\0003\000\040\000c\000o\000u\000n\000t\000T\000i\000c\000k\000s\0002}{subsection.4.1.1}% 47
\BOOKMARK [3][-]{subsubsection.4.1.1.4}{\376\377\0004\000.\0001\000.\0001\000.\0004\000\040\000f\000i\000n\000d\000E\000v\000e\000n\000t\000s}{subsection.4.1.1}% 48
\BOOKMARK [3][-]{subsubsection.4.1.1.5}{\376\377\0004\000.\0001\000.\0001\000.\0005\000\040\000f\000i\000n\000d\000T\000i\000c\000k\000s}{subsection.4.1.1}% 49
\BOOKMARK [3][-]{subsubsection.4.1.1.6}{\376\377\0004\000.\0001\000.\0001\000.\0006\000\040\000i\000n\000s\000e\000r\000t\000P\000l\000a\000c\000e\000m\000e\000n\000t\0001}{subsection.4.1.1}% 50
\BOOKMARK [3][-]{subsubsection.4.1.1.7}{\376\377\0004\000.\0001\000.\0001\000.\0007\000\040\000i\000n\000s\000e\000r\000t\000P\000l\000a\000c\000e\000m\000e\000n\000t\0002}{subsection.4.1.1}% 51
\BOOKMARK [3][-]{subsubsection.4.1.1.8}{\376\377\0004\000.\0001\000.\0001\000.\0008\000\040\000m\000a\000i\000n}{subsection.4.1.1}% 52
\BOOKMARK [1][-]{section.4.2}{\376\377\0004\000.\0002\000\040\000m\000a\000i\000n\000.\000c\000\040\000F\000i\000l\000e\000\040\000R\000e\000f\000e\000r\000e\000n\000c\000e}{chapter.4}% 53
\BOOKMARK [2][-]{subsection.4.2.1}{\376\377\0004\000.\0002\000.\0001\000\040\000M\000a\000c\000r\000o\000\040\000D\000e\000f\000i\000n\000i\000t\000i\000o\000n\000\040\000D\000o\000c\000u\000m\000e\000n\000t\000a\000t\000i\000o\000n}{section.4.2}% 54
\BOOKMARK [3][-]{subsubsection.4.2.1.1}{\376\377\0004\000.\0002\000.\0001\000.\0001\000\040\000C\000H\000A\000R\000S}{subsection.4.2.1}% 55
\BOOKMARK [3][-]{subsubsection.4.2.1.2}{\376\377\0004\000.\0002\000.\0001\000.\0002\000\040\000S\000C\000A\000L\000E\000S\000I\000Z\000E}{subsection.4.2.1}% 56
\BOOKMARK [2][-]{subsection.4.2.2}{\376\377\0004\000.\0002\000.\0002\000\040\000T\000y\000p\000e\000d\000e\000f\000\040\000D\000o\000c\000u\000m\000e\000n\000t\000a\000t\000i\000o\000n}{section.4.2}% 57
\BOOKMARK [3][-]{subsubsection.4.2.2.1}{\376\377\0004\000.\0002\000.\0002\000.\0001\000\040\000m\000o\000d\000e}{subsection.4.2.2}% 58
\BOOKMARK [3][-]{subsubsection.4.2.2.2}{\376\377\0004\000.\0002\000.\0002\000.\0002\000\040\000m\000o\000o\000d}{subsection.4.2.2}% 59
\BOOKMARK [3][-]{subsubsection.4.2.2.3}{\376\377\0004\000.\0002\000.\0002\000.\0003\000\040\000t\000o\000n\000e}{subsection.4.2.2}% 60
\BOOKMARK [2][-]{subsection.4.2.3}{\376\377\0004\000.\0002\000.\0003\000\040\000E\000n\000u\000m\000e\000r\000a\000t\000i\000o\000n\000\040\000T\000y\000p\000e\000\040\000D\000o\000c\000u\000m\000e\000n\000t\000a\000t\000i\000o\000n}{section.4.2}% 61
\BOOKMARK [3][-]{subsubsection.4.2.3.1}{\376\377\0004\000.\0002\000.\0003\000.\0001\000\040\000m\000o\000d\000e}{subsection.4.2.3}% 62
\BOOKMARK [3][-]{subsubsection.4.2.3.2}{\376\377\0004\000.\0002\000.\0003\000.\0002\000\040\000m\000o\000o\000d}{subsection.4.2.3}% 63
\BOOKMARK [3][-]{subsubsection.4.2.3.3}{\376\377\0004\000.\0002\000.\0003\000.\0003\000\040\000t\000o\000n\000e}{subsection.4.2.3}% 64
\BOOKMARK [2][-]{subsection.4.2.4}{\376\377\0004\000.\0002\000.\0004\000\040\000F\000u\000n\000c\000t\000i\000o\000n\000\040\000D\000o\000c\000u\000m\000e\000n\000t\000a\000t\000i\000o\000n}{section.4.2}% 65
\BOOKMARK [3][-]{subsubsection.4.2.4.1}{\376\377\0004\000.\0002\000.\0004\000.\0001\000\040\000c\000h\000e\000c\000k\000D\000i\000r\000e\000c\000t\000o\000r\000y}{subsection.4.2.4}% 66
\BOOKMARK [3][-]{subsubsection.4.2.4.2}{\376\377\0004\000.\0002\000.\0004\000.\0002\000\040\000c\000h\000e\000c\000k\000N\000e\000x\000t\000E\000v\000e\000n\000t}{subsection.4.2.4}% 67
\BOOKMARK [3][-]{subsubsection.4.2.4.3}{\376\377\0004\000.\0002\000.\0004\000.\0003\000\040\000c\000o\000u\000n\000t\000N\000o\000t\000e\000s}{subsection.4.2.4}% 68
\BOOKMARK [3][-]{subsubsection.4.2.4.4}{\376\377\0004\000.\0002\000.\0004\000.\0004\000\040\000c\000o\000u\000n\000t\000T\000i\000c\000k\000s\0001}{subsection.4.2.4}% 69
\BOOKMARK [3][-]{subsubsection.4.2.4.5}{\376\377\0004\000.\0002\000.\0004\000.\0005\000\040\000c\000o\000u\000n\000t\000T\000i\000c\000k\000s\0002}{subsection.4.2.4}% 70
\BOOKMARK [3][-]{subsubsection.4.2.4.6}{\376\377\0004\000.\0002\000.\0004\000.\0006\000\040\000d\000e\000l\000t\000a\000T\000i\000m\000e\000T\000o\000N\000o\000t\000e\000L\000e\000n\000g\000t\000h}{subsection.4.2.4}% 71
\BOOKMARK [3][-]{subsubsection.4.2.4.7}{\376\377\0004\000.\0002\000.\0004\000.\0007\000\040\000f\000i\000l\000l\000N\000o\000t\000e}{subsection.4.2.4}% 72
\BOOKMARK [3][-]{subsubsection.4.2.4.8}{\376\377\0004\000.\0002\000.\0004\000.\0008\000\040\000f\000i\000l\000l\000S\000o\000n\000g\000D\000a\000t\000a}{subsection.4.2.4}% 73
\BOOKMARK [3][-]{subsubsection.4.2.4.9}{\376\377\0004\000.\0002\000.\0004\000.\0009\000\040\000f\000i\000n\000d\000E\000v\000e\000n\000t\000s}{subsection.4.2.4}% 74
\BOOKMARK [3][-]{subsubsection.4.2.4.10}{\376\377\0004\000.\0002\000.\0004\000.\0001\0000\000\040\000f\000i\000n\000d\000M\000o\000d\000e}{subsection.4.2.4}% 75
\BOOKMARK [3][-]{subsubsection.4.2.4.11}{\376\377\0004\000.\0002\000.\0004\000.\0001\0001\000\040\000f\000i\000n\000d\000M\000o\000d\000e}{subsection.4.2.4}% 76
\BOOKMARK [3][-]{subsubsection.4.2.4.12}{\376\377\0004\000.\0002\000.\0004\000.\0001\0002\000\040\000F\000i\000n\000d\000M\000o\000o\000d\000A\000m\000o\000u\000n\000t}{subsection.4.2.4}% 77
\BOOKMARK [3][-]{subsubsection.4.2.4.13}{\376\377\0004\000.\0002\000.\0004\000.\0001\0003\000\040\000f\000i\000n\000d\000N\000o\000t\000e\000L\000e\000n\000g\000t\000h}{subsection.4.2.4}% 78
\BOOKMARK [3][-]{subsubsection.4.2.4.14}{\376\377\0004\000.\0002\000.\0004\000.\0001\0004\000\040\000f\000i\000n\000d\000T\000i\000c\000k\000s}{subsection.4.2.4}% 79
\BOOKMARK [3][-]{subsubsection.4.2.4.15}{\376\377\0004\000.\0002\000.\0004\000.\0001\0005\000\040\000g\000e\000t\000H\000e\000x}{subsection.4.2.4}% 80
\BOOKMARK [3][-]{subsubsection.4.2.4.16}{\376\377\0004\000.\0002\000.\0004\000.\0001\0006\000\040\000i\000n\000s\000e\000r\000t\000M\000o\000o\000d\000s}{subsection.4.2.4}% 81
\BOOKMARK [3][-]{subsubsection.4.2.4.17}{\376\377\0004\000.\0002\000.\0004\000.\0001\0007\000\040\000i\000n\000s\000e\000r\000t\000P\000l\000a\000c\000e\000m\000e\000n\000t\0001}{subsection.4.2.4}% 82
\BOOKMARK [3][-]{subsubsection.4.2.4.18}{\376\377\0004\000.\0002\000.\0004\000.\0001\0008\000\040\000i\000n\000s\000e\000r\000t\000P\000l\000a\000c\000e\000m\000e\000n\000t\0002}{subsection.4.2.4}% 83
\BOOKMARK [3][-]{subsubsection.4.2.4.19}{\376\377\0004\000.\0002\000.\0004\000.\0001\0009\000\040\000i\000s\000I\000n\000M\000a\000j\000o\000r}{subsection.4.2.4}% 84
\BOOKMARK [3][-]{subsubsection.4.2.4.20}{\376\377\0004\000.\0002\000.\0004\000.\0002\0000\000\040\000i\000s\000I\000n\000M\000i\000n\000o\000r}{subsection.4.2.4}% 85
\BOOKMARK [3][-]{subsubsection.4.2.4.21}{\376\377\0004\000.\0002\000.\0004\000.\0002\0001\000\040\000i\000s\000I\000n\000S\000c\000a\000l\000e}{subsection.4.2.4}% 86
\BOOKMARK [3][-]{subsubsection.4.2.4.22}{\376\377\0004\000.\0002\000.\0004\000.\0002\0002\000\040\000m\000a\000i\000n}{subsection.4.2.4}% 87
\BOOKMARK [3][-]{subsubsection.4.2.4.23}{\376\377\0004\000.\0002\000.\0004\000.\0002\0003\000\040\000p\000r\000i\000n\000t\000N\000o\000t\000e}{subsection.4.2.4}% 88
\BOOKMARK [3][-]{subsubsection.4.2.4.24}{\376\377\0004\000.\0002\000.\0004\000.\0002\0004\000\040\000p\000r\000i\000n\000t\000S\000o\000n\000g\000D\000a\000t\000a}{subsection.4.2.4}% 89
\BOOKMARK [3][-]{subsubsection.4.2.4.25}{\376\377\0004\000.\0002\000.\0004\000.\0002\0005\000\040\000s\000e\000t\000t\000i\000n\000g\000P\000o\000i\000n\000t\000s}{subsection.4.2.4}% 90
\BOOKMARK [3][-]{subsubsection.4.2.4.26}{\376\377\0004\000.\0002\000.\0004\000.\0002\0006\000\040\000s\000o\000r\000t\000R\000e\000s\000u\000l\000t}{subsection.4.2.4}% 91
\BOOKMARK [3][-]{subsubsection.4.2.4.27}{\376\377\0004\000.\0002\000.\0004\000.\0002\0007\000\040\000s\000o\000r\000t\000T\000o\000n\000e\000r}{subsection.4.2.4}% 92
\BOOKMARK [3][-]{subsubsection.4.2.4.28}{\376\377\0004\000.\0002\000.\0004\000.\0002\0008\000\040\000s\000o\000r\000t\000T\000o\000n\000e\000s}{subsection.4.2.4}% 93
\BOOKMARK [3][-]{subsubsection.4.2.4.29}{\376\377\0004\000.\0002\000.\0004\000.\0002\0009\000\040\000w\000e\000i\000g\000h\000t\000i\000n\000g\000M\000a\000t\000r\000i\000x}{subsection.4.2.4}% 94
\BOOKMARK [2][-]{subsection.4.2.5}{\376\377\0004\000.\0002\000.\0005\000\040\000V\000a\000r\000i\000a\000b\000l\000e\000\040\000D\000o\000c\000u\000m\000e\000n\000t\000a\000t\000i\000o\000n}{section.4.2}% 95
\BOOKMARK [3][-]{subsubsection.4.2.5.1}{\376\377\0004\000.\0002\000.\0005\000.\0001\000\040\000A\000M\000O\000U\000N\000T\000\137\000O\000F\000\137\000M\000O\000O\000D\000S}{subsection.4.2.5}% 96
\BOOKMARK [1][-]{section.4.3}{\376\377\0004\000.\0003\000\040\000t\000e\000s\000t\000.\000c\000\040\000F\000i\000l\000e\000\040\000R\000e\000f\000e\000r\000e\000n\000c\000e}{chapter.4}% 97
\BOOKMARK [2][-]{subsection.4.3.1}{\376\377\0004\000.\0003\000.\0001\000\040\000F\000u\000n\000c\000t\000i\000o\000n\000\040\000D\000o\000c\000u\000m\000e\000n\000t\000a\000t\000i\000o\000n}{section.4.3}% 98
\BOOKMARK [3][-]{subsubsection.4.3.1.1}{\376\377\0004\000.\0003\000.\0001\000.\0001\000\040\000m\000a\000i\000n}{subsection.4.3.1}% 99
\BOOKMARK [3][-]{subsubsection.4.3.1.2}{\376\377\0004\000.\0003\000.\0001\000.\0002\000\040\000t\000e\000s\000t\000F\000u\000n\000k}{subsection.4.3.1}% 100
\BOOKMARK [0][-]{section*.16}{\376\377\000I\000n\000d\000e\000x}{}% 101
